2015-02-28 17:06:40+1100 [scrapy] INFO: Scrapy 0.24.4 started (bot: hkdata)
2015-02-28 17:06:40+1100 [scrapy] INFO: Optional features available: ssl, http11
2015-02-28 17:06:40+1100 [scrapy] INFO: Overridden settings: {'NEWSPIDER_MODULE': 'hkdata.spiders', 'FEED_URI': 'items/hkdata/raceday/f3163f51bf0f11e48eae60f81da9b48c.jl', 'SPIDER_MODULES': ['hkdata.spiders'], 'WEBSERVICE_LOGFILE': '/Users/vmac/RACING1/HKG/scrapers/dist/hkjc/webservice.log', 'BOT_NAME': 'hkdata', 'COOKIES_ENABLED': False, 'USER_AGENT': 'Googlebot/2.1 ( http://www.google.com/bot.html)', 'LOG_FILE': 'logs/hkdata/raceday/f3163f51bf0f11e48eae60f81da9b48c.log', 'DOWNLOAD_DELAY': '2'}
2015-02-28 17:06:40+1100 [scrapy] INFO: Enabled extensions: FeedExporter, LogStats, TelnetConsole, CloseSpider, WebService, CoreStats, SpiderState
2015-02-28 17:06:40+1100 [scrapy] INFO: Enabled downloader middlewares: HttpAuthMiddleware, DownloadTimeoutMiddleware, UserAgentMiddleware, RetryMiddleware, DefaultHeadersMiddleware, MetaRefreshMiddleware, HttpCompressionMiddleware, RedirectMiddleware, ChunkedTransferMiddleware, DownloaderStats
2015-02-28 17:06:40+1100 [scrapy] INFO: Enabled spider middlewares: HttpErrorMiddleware, OffsiteMiddleware, RefererMiddleware, UrlLengthMiddleware, DepthMiddleware
2015-02-28 17:06:40+1100 [scrapy] INFO: Enabled item pipelines: ByteStorePipeline, SQLAlchemyPipeline
2015-02-28 17:06:40+1100 [raceday] INFO: Spider opened
2015-02-28 17:06:40+1100 [raceday] INFO: Crawled 0 pages (at 0 pages/min), scraped 0 items (at 0 items/min)
2015-02-28 17:06:40+1100 [scrapy] DEBUG: Telnet console listening on 127.0.0.1:6049
2015-02-28 17:06:40+1100 [scrapy] DEBUG: Web service listening on 127.0.0.1:6106
2015-02-28 17:06:42+1100 [raceday] DEBUG: Crawled (200) <GET http://racing.hkjc.com/racing/Info/Meeting/RaceCard/English/Local/20150101/ST/1> (referer: None)
2015-02-28 17:06:43+1100 [raceday] DEBUG: Crawled (200) <GET http://racing.hkjc.com/racing/content/Images/RaceColor/N250.gif> (referer: None)
2015-02-28 17:06:43+1100 [raceday] DEBUG: Scraped from <200 http://racing.hkjc.com/racing/Info/Meeting/RaceCard/English/Local/20150101/ST/1>
	{'ActualWt': u'131',
	 'Age': 6,
	 'DamName': u'Fine Return',
	 'DeclarHorseWt': u'1079',
	 'Distance': u'1800',
	 'Draw': u'11',
	 'Gear': u'SR',
	 'HorseNumber': u'1',
	 'HorseWtDeclarChange': u'+19',
	 'Horsecode': u'N250',
	 'Horsename': u'NAMJONG TURBO',
	 'ImportType': u'PPG',
	 'JockeyWtOver': u'',
	 'Jockeycode': u'LDE',
	 'Jockeyname': u'K C Leung(-2)',
	 'Last6runs': u'7/5/2/6/2/7',
	 'Owner': u'Ivis Sze',
	 'Priority': u'1',
	 'Prizemoney': u'575000',
	 'RaceDate': datetime.datetime(2015, 1, 1, 0, 0),
	 'RaceDateTime': datetime.datetime(2015, 1, 1, 12, 30),
	 'RaceName': u'YI TUNG SHAN HANDICAP',
	 'RaceNumber': '1',
	 'Raceclass': 'Class 5',
	 'RacecourseCode': 'ST',
	 'Raceratingspan': u'40-0',
	 'RailType': u'C',
	 'Rating': u'38',
	 'RatingChangeL1': u'-2',
	 'SeasonStakes': u'293250',
	 'Sex': u'g',
	 'SireName': u'Nadeem',
	 'Surface': u'TURF',
	 'Trainercode': u'OSP',
	 'Trainername': u"P O'Sullivan",
	 'WFA': None,
	 'YearofBirth': 2009,
	 'file_urls': ['http://racing.hkjc.com/racing/content/PDF/RaceCard/20150101_starter_all.pdf'],
	 'image_urls': [u'http://racing.hkjc.com/racing/content/Images/RaceColor/N250.gif'],
	 'images': []}
2015-02-28 17:06:46+1100 [raceday] DEBUG: Crawled (200) <GET http://racing.hkjc.com/racing/content/Images/RaceColor/P445.gif> (referer: None)
2015-02-28 17:06:46+1100 [raceday] DEBUG: Scraped from <200 http://racing.hkjc.com/racing/Info/Meeting/RaceCard/English/Local/20150101/ST/1>
	{'ActualWt': u'130',
	 'Age': 4,
	 'DamName': u'Top Tips',
	 'DeclarHorseWt': u'1131',
	 'Distance': u'1800',
	 'Draw': u'4',
	 'Gear': u'B/TT',
	 'HorseNumber': u'2',
	 'HorseWtDeclarChange': u'-7',
	 'Horsecode': u'P445',
	 'Horsename': u'FOUR FOUR FIVE',
	 'ImportType': u'PPG',
	 'JockeyWtOver': u'',
	 'Jockeycode': u'RU',
	 'Jockeyname': u'U Rispoli',
	 'Last6runs': u'2/10/14/13/12/12',
	 'Owner': u'Super Diamond Syndicate',
	 'Priority': u'2',
	 'Prizemoney': u'575000',
	 'RaceDate': datetime.datetime(2015, 1, 1, 0, 0),
	 'RaceDateTime': datetime.datetime(2015, 1, 1, 12, 30),
	 'RaceName': u'YI TUNG SHAN HANDICAP',
	 'RaceNumber': '1',
	 'Raceclass': 'Class 5',
	 'RacecourseCode': 'ST',
	 'Raceratingspan': u'40-0',
	 'RailType': u'C',
	 'Rating': u'37',
	 'RatingChangeL1': u'0',
	 'SeasonStakes': u'126500',
	 'Sex': u'g',
	 'SireName': u'Al Maher',
	 'Surface': u'TURF',
	 'Trainercode': u'GR',
	 'Trainername': u'R Gibson',
	 'WFA': None,
	 'YearofBirth': 2011,
	 'file_urls': ['http://racing.hkjc.com/racing/content/PDF/RaceCard/20150101_starter_all.pdf'],
	 'image_urls': [u'http://racing.hkjc.com/racing/content/Images/RaceColor/P445.gif'],
	 'images': []}
2015-02-28 17:06:48+1100 [raceday] DEBUG: Crawled (200) <GET http://racing.hkjc.com/racing/content/Images/RaceColor/S016.gif> (referer: None)
2015-02-28 17:06:48+1100 [raceday] DEBUG: Scraped from <200 http://racing.hkjc.com/racing/Info/Meeting/RaceCard/English/Local/20150101/ST/1>
	{'ActualWt': u'130',
	 'Age': 5,
	 'DamName': u'Anaheart',
	 'DeclarHorseWt': u'1082',
	 'Distance': u'1800',
	 'Draw': u'12',
	 'Gear': u'B1/TT',
	 'HorseNumber': u'3',
	 'HorseWtDeclarChange': u'-32',
	 'Horsecode': u'S016',
	 'Horsename': u'MY SURPLUS',
	 'ImportType': u'PPG',
	 'JockeyWtOver': u'',
	 'Jockeycode': u'WD',
	 'Jockeyname': u'D Whyte',
	 'Last6runs': u'11/14/9/11/13/11',
	 'Owner': u'Andy Wu Bark To',
	 'Priority': u'*1',
	 'Prizemoney': u'575000',
	 'RaceDate': datetime.datetime(2015, 1, 1, 0, 0),
	 'RaceDateTime': datetime.datetime(2015, 1, 1, 12, 30),
	 'RaceName': u'YI TUNG SHAN HANDICAP',
	 'RaceNumber': '1',
	 'Raceclass': 'Class 5',
	 'RacecourseCode': 'ST',
	 'Raceratingspan': u'40-0',
	 'RailType': u'C',
	 'Rating': u'37',
	 'RatingChangeL1': u'+3',
	 'SeasonStakes': u'0',
	 'Sex': u'g',
	 'SireName': u'Dane Shadow',
	 'Surface': u'TURF',
	 'Trainercode': u'YCH',
	 'Trainername': u'C H Yip',
	 'WFA': None,
	 'YearofBirth': 2010,
	 'file_urls': ['http://racing.hkjc.com/racing/content/PDF/RaceCard/20150101_starter_all.pdf'],
	 'image_urls': [u'http://racing.hkjc.com/racing/content/Images/RaceColor/S016.gif'],
	 'images': []}
2015-02-28 17:06:50+1100 [raceday] DEBUG: Crawled (200) <GET http://racing.hkjc.com/racing/content/Images/RaceColor/N130.gif> (referer: None)
2015-02-28 17:06:50+1100 [raceday] DEBUG: Scraped from <200 http://racing.hkjc.com/racing/Info/Meeting/RaceCard/English/Local/20150101/ST/1>
	{'ActualWt': u'128',
	 'Age': 6,
	 'DamName': u'Clean',
	 'DeclarHorseWt': u'981',
	 'Distance': u'1800',
	 'Draw': u'14',
	 'Gear': u'H',
	 'HorseNumber': u'4',
	 'HorseWtDeclarChange': u'+18',
	 'Horsecode': u'N130',
	 'Horsename': u'HAPPY KAISER',
	 'ImportType': u'PPG',
	 'JockeyWtOver': u'',
	 'Jockeycode': u'CAN',
	 'Jockeyname': u'N Callan',
	 'Last6runs': u'10/6/3/5/4/1',
	 'Owner': u'Patrick Luk Wing Tong',
	 'Priority': u'1',
	 'Prizemoney': u'575000',
	 'RaceDate': datetime.datetime(2015, 1, 1, 0, 0),
	 'RaceDateTime': datetime.datetime(2015, 1, 1, 12, 30),
	 'RaceName': u'YI TUNG SHAN HANDICAP',
	 'RaceNumber': '1',
	 'Raceclass': 'Class 5',
	 'RacecourseCode': 'ST',
	 'Raceratingspan': u'40-0',
	 'RailType': u'C',
	 'Rating': u'35',
	 'RatingChangeL1': u'-2',
	 'SeasonStakes': u'0',
	 'Sex': u'g',
	 'SireName': u'Commands',
	 'Surface': u'TURF',
	 'Trainercode': u'MKL',
	 'Trainername': u'K L Man',
	 'WFA': None,
	 'YearofBirth': 2009,
	 'file_urls': ['http://racing.hkjc.com/racing/content/PDF/RaceCard/20150101_starter_all.pdf'],
	 'image_urls': [u'http://racing.hkjc.com/racing/content/Images/RaceColor/N130.gif'],
	 'images': []}
2015-02-28 17:06:53+1100 [raceday] DEBUG: Crawled (200) <GET http://racing.hkjc.com/racing/content/Images/RaceColor/M366.gif> (referer: None)
2015-02-28 17:06:53+1100 [raceday] DEBUG: Scraped from <200 http://racing.hkjc.com/racing/Info/Meeting/RaceCard/English/Local/20150101/ST/1>
	{'ActualWt': u'127',
	 'Age': 7,
	 'DamName': u'Mystifying',
	 'DeclarHorseWt': u'1062',
	 'Distance': u'1800',
	 'Draw': u'9',
	 'Gear': u'CP',
	 'HorseNumber': u'5',
	 'HorseWtDeclarChange': u'+2',
	 'Horsecode': u'M366',
	 'Horsename': u'CASA JUNIOR',
	 'ImportType': u'PP',
	 'JockeyWtOver': u'',
	 'Jockeycode': u'TEK',
	 'Jockeyname': u'K Teetan',
	 'Last6runs': u'12/7/7/8/9/3',
	 'Owner': u'Wu Wei Lam & Kenneth Wu Kai Chung',
	 'Priority': u'1',
	 'Prizemoney': u'575000',
	 'RaceDate': datetime.datetime(2015, 1, 1, 0, 0),
	 'RaceDateTime': datetime.datetime(2015, 1, 1, 12, 30),
	 'RaceName': u'YI TUNG SHAN HANDICAP',
	 'RaceNumber': '1',
	 'Raceclass': 'Class 5',
	 'RacecourseCode': 'ST',
	 'Raceratingspan': u'40-0',
	 'RailType': u'C',
	 'Rating': u'34',
	 'RatingChangeL1': u'+1',
	 'SeasonStakes': u'34500',
	 'Sex': u'g',
	 'SireName': u'Danehill Dancer',
	 'Surface': u'TURF',
	 'Trainercode': u'NTK',
	 'Trainername': u'T K Ng',
	 'WFA': None,
	 'YearofBirth': 2008,
	 'file_urls': ['http://racing.hkjc.com/racing/content/PDF/RaceCard/20150101_starter_all.pdf'],
	 'image_urls': [u'http://racing.hkjc.com/racing/content/Images/RaceColor/M366.gif'],
	 'images': []}
2015-02-28 17:06:56+1100 [raceday] DEBUG: Crawled (200) <GET http://racing.hkjc.com/racing/content/Images/RaceColor/N070.gif> (referer: None)
2015-02-28 17:06:56+1100 [raceday] DEBUG: Scraped from <200 http://racing.hkjc.com/racing/Info/Meeting/RaceCard/English/Local/20150101/ST/1>
	{'ActualWt': u'127',
	 'Age': 7,
	 'DamName': u'Our Tristajet',
	 'DeclarHorseWt': u'1003',
	 'Distance': u'1800',
	 'Draw': u'3',
	 'Gear': u'B',
	 'HorseNumber': u'6',
	 'HorseWtDeclarChange': u'+8',
	 'Horsecode': u'N070',
	 'Horsename': u'GOLD TARTINI',
	 'ImportType': u'PPG',
	 'JockeyWtOver': u'',
	 'Jockeycode': u'RN',
	 'Jockeyname': u'N Rawiller',
	 'Last6runs': u'8/9/5/4/10/2',
	 'Owner': u'Rix Chung Kwok Fai',
	 'Priority': u'1',
	 'Prizemoney': u'575000',
	 'RaceDate': datetime.datetime(2015, 1, 1, 0, 0),
	 'RaceDateTime': datetime.datetime(2015, 1, 1, 12, 30),
	 'RaceName': u'YI TUNG SHAN HANDICAP',
	 'RaceNumber': '1',
	 'Raceclass': 'Class 5',
	 'RacecourseCode': 'ST',
	 'Raceratingspan': u'40-0',
	 'RailType': u'C',
	 'Rating': u'34',
	 'RatingChangeL1': u'+1',
	 'SeasonStakes': u'187600',
	 'Sex': u'g',
	 'SireName': u'Pentire',
	 'Surface': u'TURF',
	 'Trainercode': u'HAD',
	 'Trainername': u'D J Hall',
	 'WFA': None,
	 'YearofBirth': 2008,
	 'file_urls': ['http://racing.hkjc.com/racing/content/PDF/RaceCard/20150101_starter_all.pdf'],
	 'image_urls': [u'http://racing.hkjc.com/racing/content/Images/RaceColor/N070.gif'],
	 'images': []}
2015-02-28 17:06:58+1100 [raceday] DEBUG: Crawled (200) <GET http://racing.hkjc.com/racing/content/Images/RaceColor/P405.gif> (referer: None)
2015-02-28 17:06:59+1100 [raceday] DEBUG: Scraped from <200 http://racing.hkjc.com/racing/Info/Meeting/RaceCard/English/Local/20150101/ST/1>
	{'ActualWt': u'125',
	 'Age': 5,
	 'DamName': u"Golan's Gift",
	 'DeclarHorseWt': u'1049',
	 'Distance': u'1800',
	 'Draw': u'13',
	 'Gear': u'B-/E1/P1/TT',
	 'HorseNumber': u'7',
	 'HorseWtDeclarChange': u'-18',
	 'Horsecode': u'P405',
	 'Horsename': u'TELEPHATIA',
	 'ImportType': u'PPG',
	 'JockeyWtOver': u'',
	 'Jockeycode': u'YML',
	 'Jockeyname': u'M L Yeung(-2)',
	 'Last6runs': u'11/9/10/12/14/14',
	 'Owner': u'Mr & Mrs Chu Man Chung',
	 'Priority': u'1',
	 'Prizemoney': u'575000',
	 'RaceDate': datetime.datetime(2015, 1, 1, 0, 0),
	 'RaceDateTime': datetime.datetime(2015, 1, 1, 12, 30),
	 'RaceName': u'YI TUNG SHAN HANDICAP',
	 'RaceNumber': '1',
	 'Raceclass': 'Class 5',
	 'RacecourseCode': 'ST',
	 'Raceratingspan': u'40-0',
	 'RailType': u'C',
	 'Rating': u'32',
	 'RatingChangeL1': u'-5',
	 'SeasonStakes': u'760950',
	 'Sex': u'g',
	 'SireName': u'Patapan',
	 'Surface': u'TURF',
	 'Trainercode': u'LAL',
	 'Trainername': u'A Lee',
	 'WFA': None,
	 'YearofBirth': 2010,
	 'file_urls': ['http://racing.hkjc.com/racing/content/PDF/RaceCard/20150101_starter_all.pdf'],
	 'image_urls': [u'http://racing.hkjc.com/racing/content/Images/RaceColor/P405.gif'],
	 'images': []}
2015-02-28 17:07:01+1100 [raceday] DEBUG: Crawled (200) <GET http://racing.hkjc.com/racing/content/Images/RaceColor/S094.gif> (referer: None)
2015-02-28 17:07:01+1100 [raceday] DEBUG: Scraped from <200 http://racing.hkjc.com/racing/Info/Meeting/RaceCard/English/Local/20150101/ST/1>
	{'ActualWt': u'123',
	 'Age': 4,
	 'DamName': u'Goldsmith',
	 'DeclarHorseWt': u'1091',
	 'Distance': u'1800',
	 'Draw': u'2',
	 'Gear': u'B/XB',
	 'HorseNumber': u'8',
	 'HorseWtDeclarChange': u'-13',
	 'Horsecode': u'S094',
	 'Horsename': u'JOYFUL MISSION',
	 'ImportType': u'PPG',
	 'JockeyWtOver': u'',
	 'Jockeycode': u'DO',
	 'Jockeyname': u'O Doleuze',
	 'Last6runs': u'12/13/12/11/11/10',
	 'Owner': u'Yenn Wong Pui Yain',
	 'Priority': u'1',
	 'Prizemoney': u'575000',
	 'RaceDate': datetime.datetime(2015, 1, 1, 0, 0),
	 'RaceDateTime': datetime.datetime(2015, 1, 1, 12, 30),
	 'RaceName': u'YI TUNG SHAN HANDICAP',
	 'RaceNumber': '1',
	 'Raceclass': 'Class 5',
	 'RacecourseCode': 'ST',
	 'Raceratingspan': u'40-0',
	 'RailType': u'C',
	 'Rating': u'30',
	 'RatingChangeL1': u'-4',
	 'SeasonStakes': u'20125',
	 'Sex': u'g',
	 'SireName': u'Shinko King',
	 'Surface': u'TURF',
	 'Trainercode': u'GR',
	 'Trainername': u'R Gibson',
	 'WFA': None,
	 'YearofBirth': 2011,
	 'file_urls': ['http://racing.hkjc.com/racing/content/PDF/RaceCard/20150101_starter_all.pdf'],
	 'image_urls': [u'http://racing.hkjc.com/racing/content/Images/RaceColor/S094.gif'],
	 'images': []}
2015-02-28 17:07:03+1100 [raceday] DEBUG: Crawled (200) <GET http://racing.hkjc.com/racing/content/Images/RaceColor/M377.gif> (referer: None)
2015-02-28 17:07:03+1100 [raceday] DEBUG: Scraped from <200 http://racing.hkjc.com/racing/Info/Meeting/RaceCard/English/Local/20150101/ST/1>
	{'ActualWt': u'123',
	 'Age': 6,
	 'DamName': u'Dawn Run',
	 'DeclarHorseWt': u'940',
	 'Distance': u'1800',
	 'Draw': u'10',
	 'Gear': u'H',
	 'HorseNumber': u'9',
	 'HorseWtDeclarChange': u'+7',
	 'Horsecode': u'M377',
	 'Horsename': u'SMART GUY',
	 'ImportType': u'PP',
	 'JockeyWtOver': u'',
	 'Jockeycode': u'STH',
	 'Jockeyname': u'T H So(-2)',
	 'Last6runs': u'5/4/1/6/4/10',
	 'Owner': u'Jimmy Chung Kwok Man & Dominic Chung Won Lok',
	 'Priority': u'+1',
	 'Prizemoney': u'575000',
	 'RaceDate': datetime.datetime(2015, 1, 1, 0, 0),
	 'RaceDateTime': datetime.datetime(2015, 1, 1, 12, 30),
	 'RaceName': u'YI TUNG SHAN HANDICAP',
	 'RaceNumber': '1',
	 'Raceclass': 'Class 5',
	 'RacecourseCode': 'ST',
	 'Raceratingspan': u'40-0',
	 'RailType': u'C',
	 'Rating': u'30',
	 'RatingChangeL1': u'+2',
	 'SeasonStakes': u'416875',
	 'Sex': u'g',
	 'SireName': u'Lucky Unicorn',
	 'Surface': u'TURF',
	 'Trainercode': u'HL',
	 'Trainername': u'L Ho',
	 'WFA': None,
	 'YearofBirth': 2009,
	 'file_urls': ['http://racing.hkjc.com/racing/content/PDF/RaceCard/20150101_starter_all.pdf'],
	 'image_urls': [u'http://racing.hkjc.com/racing/content/Images/RaceColor/M377.gif'],
	 'images': []}
2015-02-28 17:07:05+1100 [raceday] DEBUG: Crawled (200) <GET http://racing.hkjc.com/racing/content/Images/RaceColor/H173.gif> (referer: None)
2015-02-28 17:07:05+1100 [raceday] DEBUG: Scraped from <200 http://racing.hkjc.com/racing/Info/Meeting/RaceCard/English/Local/20150101/ST/1>
	{'ActualWt': u'123',
	 'Age': 10,
	 'DamName': u'Mirima',
	 'DeclarHorseWt': u'1139',
	 'Distance': u'1800',
	 'Draw': u'7',
	 'Gear': u'TT',
	 'HorseNumber': u'10',
	 'HorseWtDeclarChange': u'+17',
	 'Horsecode': u'H173',
	 'Horsename': u'THE ONLY KID',
	 'ImportType': u'PPG',
	 'JockeyWtOver': u'',
	 'Jockeycode': u'MG',
	 'Jockeyname': u'G Mosse',
	 'Last6runs': u'3/10/5/3/4/4',
	 'Owner': u'Sunny Wong Chi Tat',
	 'Priority': u'+1',
	 'Prizemoney': u'575000',
	 'RaceDate': datetime.datetime(2015, 1, 1, 0, 0),
	 'RaceDateTime': datetime.datetime(2015, 1, 1, 12, 30),
	 'RaceName': u'YI TUNG SHAN HANDICAP',
	 'RaceNumber': '1',
	 'Raceclass': 'Class 5',
	 'RacecourseCode': 'ST',
	 'Raceratingspan': u'40-0',
	 'RailType': u'C',
	 'Rating': u'30',
	 'RatingChangeL1': u'+3',
	 'SeasonStakes': u'86250',
	 'Sex': u'g',
	 'SireName': u'Traditionally',
	 'Surface': u'TURF',
	 'Trainercode': u'LKW',
	 'Trainername': u'K W Lui',
	 'WFA': None,
	 'YearofBirth': 2005,
	 'file_urls': ['http://racing.hkjc.com/racing/content/PDF/RaceCard/20150101_starter_all.pdf'],
	 'image_urls': [u'http://racing.hkjc.com/racing/content/Images/RaceColor/H173.gif'],
	 'images': []}
2015-02-28 17:07:08+1100 [raceday] DEBUG: Crawled (200) <GET http://racing.hkjc.com/racing/content/Images/RaceColor/P122.gif> (referer: None)
2015-02-28 17:07:08+1100 [raceday] DEBUG: Scraped from <200 http://racing.hkjc.com/racing/Info/Meeting/RaceCard/English/Local/20150101/ST/1>
	{'ActualWt': u'122',
	 'Age': 5,
	 'DamName': u'Anqood',
	 'DeclarHorseWt': u'964',
	 'Distance': u'1800',
	 'Draw': u'5',
	 'Gear': u'P',
	 'HorseNumber': u'11',
	 'HorseWtDeclarChange': u'-1',
	 'Horsecode': u'P122',
	 'Horsename': u'LIBERAL OF MIND',
	 'ImportType': u'PPG',
	 'JockeyWtOver': u'',
	 'Jockeycode': u'LWM',
	 'Jockeyname': u'W M Lai',
	 'Last6runs': u'6/11/5/9/8/10',
	 'Owner': u'Maria Olimpia Chan Oi Ling, Elean Doeringer & Dickie Wong',
	 'Priority': u'1',
	 'Prizemoney': u'575000',
	 'RaceDate': datetime.datetime(2015, 1, 1, 0, 0),
	 'RaceDateTime': datetime.datetime(2015, 1, 1, 12, 30),
	 'RaceName': u'YI TUNG SHAN HANDICAP',
	 'RaceNumber': '1',
	 'Raceclass': 'Class 5',
	 'RacecourseCode': 'ST',
	 'Raceratingspan': u'40-0',
	 'RailType': u'C',
	 'Rating': u'29',
	 'RatingChangeL1': u'+2',
	 'SeasonStakes': u'20125',
	 'Sex': u'g',
	 'SireName': u'Tiger Hill',
	 'Surface': u'TURF',
	 'Trainercode': u'TYS',
	 'Trainername': u'Y S Tsui',
	 'WFA': None,
	 'YearofBirth': 2010,
	 'file_urls': ['http://racing.hkjc.com/racing/content/PDF/RaceCard/20150101_starter_all.pdf'],
	 'image_urls': [u'http://racing.hkjc.com/racing/content/Images/RaceColor/P122.gif'],
	 'images': []}
2015-02-28 17:07:10+1100 [raceday] DEBUG: Crawled (200) <GET http://racing.hkjc.com/racing/content/Images/RaceColor/M152.gif> (referer: None)
2015-02-28 17:07:10+1100 [raceday] DEBUG: Scraped from <200 http://racing.hkjc.com/racing/Info/Meeting/RaceCard/English/Local/20150101/ST/1>
	{'ActualWt': u'117',
	 'Age': 8,
	 'DamName': u'Talbiya',
	 'DeclarHorseWt': u'1192',
	 'Distance': u'1800',
	 'Draw': u'1',
	 'Gear': u'XB',
	 'HorseNumber': u'12',
	 'HorseWtDeclarChange': u'+6',
	 'Horsecode': u'M152',
	 'Horsename': u'HEAR THE ROAR',
	 'ImportType': u'PP',
	 'JockeyWtOver': u'1',
	 'Jockeycode': u'GM',
	 'Jockeyname': u'M Guyon',
	 'Last6runs': u'10/8/7/8/2/7',
	 'Owner': u'Mr & Mrs Stephen Ho Wai Man, Fred Ho Ka Chun and Derek Ho Ka Chung',
	 'Priority': u'+1',
	 'Prizemoney': u'575000',
	 'RaceDate': datetime.datetime(2015, 1, 1, 0, 0),
	 'RaceDateTime': datetime.datetime(2015, 1, 1, 12, 30),
	 'RaceName': u'YI TUNG SHAN HANDICAP',
	 'RaceNumber': '1',
	 'Raceclass': 'Class 5',
	 'RacecourseCode': 'ST',
	 'Raceratingspan': u'40-0',
	 'RailType': u'C',
	 'Rating': u'24',
	 'RatingChangeL1': u'+1',
	 'SeasonStakes': u'192625',
	 'Sex': u'g',
	 'SireName': u'High Chaparral',
	 'Surface': u'TURF',
	 'Trainercode': u'WS',
	 'Trainername': u'S Woods',
	 'WFA': None,
	 'YearofBirth': 2007,
	 'file_urls': ['http://racing.hkjc.com/racing/content/PDF/RaceCard/20150101_starter_all.pdf'],
	 'image_urls': [u'http://racing.hkjc.com/racing/content/Images/RaceColor/M152.gif'],
	 'images': []}
2015-02-28 17:07:12+1100 [raceday] DEBUG: Crawled (200) <GET http://racing.hkjc.com/racing/content/Images/RaceColor/P269.gif> (referer: None)
2015-02-28 17:07:13+1100 [raceday] DEBUG: Scraped from <200 http://racing.hkjc.com/racing/Info/Meeting/RaceCard/English/Local/20150101/ST/1>
	{'ActualWt': u'116',
	 'Age': 5,
	 'DamName': u'Night Cam',
	 'DeclarHorseWt': u'1089',
	 'Distance': u'1800',
	 'Draw': u'6',
	 'Gear': u'H-/SR/TT-',
	 'HorseNumber': u'13',
	 'HorseWtDeclarChange': u'-5',
	 'Horsecode': u'P269',
	 'Horsename': u'ORIENTAL FANTASIA',
	 'ImportType': u'PP',
	 'JockeyWtOver': u'1',
	 'Jockeycode': u'HCY',
	 'Jockeyname': u'C Y Ho(-2)',
	 'Last6runs': u'8/13/2/4/10/2',
	 'Owner': u'Pui Kwan Kay',
	 'Priority': u'2',
	 'Prizemoney': u'575000',
	 'RaceDate': datetime.datetime(2015, 1, 1, 0, 0),
	 'RaceDateTime': datetime.datetime(2015, 1, 1, 12, 30),
	 'RaceName': u'YI TUNG SHAN HANDICAP',
	 'RaceNumber': '1',
	 'Raceclass': 'Class 5',
	 'RacecourseCode': 'ST',
	 'Raceratingspan': u'40-0',
	 'RailType': u'C',
	 'Rating': u'23',
	 'RatingChangeL1': u'+2',
	 'SeasonStakes': u'287500',
	 'Sex': u'g',
	 'SireName': u'Holy Roman Emperor',
	 'Surface': u'TURF',
	 'Trainercode': u'TYS',
	 'Trainername': u'Y S Tsui',
	 'WFA': None,
	 'YearofBirth': 2010,
	 'file_urls': ['http://racing.hkjc.com/racing/content/PDF/RaceCard/20150101_starter_all.pdf'],
	 'image_urls': [u'http://racing.hkjc.com/racing/content/Images/RaceColor/P269.gif'],
	 'images': []}
2015-02-28 17:07:15+1100 [raceday] DEBUG: Crawled (200) <GET http://racing.hkjc.com/racing/content/Images/RaceColor/L308.gif> (referer: None)
2015-02-28 17:07:15+1100 [raceday] DEBUG: Scraped from <200 http://racing.hkjc.com/racing/Info/Meeting/RaceCard/English/Local/20150101/ST/1>
	{'ActualWt': u'115',
	 'Age': 7,
	 'DamName': u'Decidity',
	 'DeclarHorseWt': u'1157',
	 'Distance': u'1800',
	 'Draw': u'8',
	 'Gear': u'PC-/B2',
	 'HorseNumber': u'14',
	 'HorseWtDeclarChange': u'+15',
	 'Horsecode': u'L308',
	 'Horsename': u'SUPER HORSE',
	 'ImportType': u'PPG',
	 'JockeyWtOver': u'',
	 'Jockeycode': u'TON',
	 'Jockeyname': u'C K Tong(-2)',
	 'Last6runs': u'9/12/10/7/13/11',
	 'Owner': u'Mr & Mrs Tam Chin Ming',
	 'Priority': u'*1',
	 'Prizemoney': u'575000',
	 'RaceDate': datetime.datetime(2015, 1, 1, 0, 0),
	 'RaceDateTime': datetime.datetime(2015, 1, 1, 12, 30),
	 'RaceName': u'YI TUNG SHAN HANDICAP',
	 'RaceNumber': '1',
	 'Raceclass': 'Class 5',
	 'RacecourseCode': 'ST',
	 'Raceratingspan': u'40-0',
	 'RailType': u'C',
	 'Rating': u'22',
	 'RatingChangeL1': u'-3',
	 'SeasonStakes': u'0',
	 'Sex': u'g',
	 'SireName': u'Flying Spur',
	 'Surface': u'TURF',
	 'Trainercode': u'CCW',
	 'Trainername': u'C W Chang',
	 'WFA': None,
	 'YearofBirth': 2008,
	 'file_urls': ['http://racing.hkjc.com/racing/content/PDF/RaceCard/20150101_starter_all.pdf'],
	 'image_urls': [u'http://racing.hkjc.com/racing/content/Images/RaceColor/L308.gif'],
	 'images': []}
2015-02-28 17:07:15+1100 [raceday] INFO: Closing spider (finished)
2015-02-28 17:07:15+1100 [raceday] INFO: Stored jsonlines feed (14 items) in: items/hkdata/raceday/f3163f51bf0f11e48eae60f81da9b48c.jl
2015-02-28 17:07:15+1100 [raceday] INFO: Dumping Scrapy stats:
	{'downloader/request_bytes': 4021,
	 'downloader/request_count': 15,
	 'downloader/request_method_count/GET': 15,
	 'downloader/response_bytes': 52608,
	 'downloader/response_count': 15,
	 'downloader/response_status_count/200': 15,
	 'finish_reason': 'finished',
	 'finish_time': datetime.datetime(2015, 2, 28, 6, 7, 15, 912336),
	 'item_scraped_count': 14,
	 'log_count/DEBUG': 31,
	 'log_count/INFO': 8,
	 'response_received_count': 15,
	 'scheduler/dequeued': 1,
	 'scheduler/dequeued/memory': 1,
	 'scheduler/enqueued': 1,
	 'scheduler/enqueued/memory': 1,
	 'start_time': datetime.datetime(2015, 2, 28, 6, 6, 40, 481682)}
2015-02-28 17:07:15+1100 [raceday] INFO: Spider closed (finished)
